Starting engine with content at F:\untitled game.
Restore Party - Include Inactive Members: True; Restore Statistics: True; Restore Status Effects: False
Restore Party - Restored 1 Member(s)
Save Value - Source: Party
Save Value - Variable: 1; Property: Map X (Feet)
Save Value - Source: Party
Save Value - Variable: 2; Property: Map Y (Feet)
Save Value - Source: Party
Save Value - Variable: 3; Property: Map Z (Feet)
Save Value - Source: Party
Save Value - Variable: 4; Property: All Members - Unique ID
Get Tile Information - Coordinates: (7, 0, 8)
Get Tile Information - Height at Layer Tile: 0
Get Tile Information - Tile Tag: 0
Wait - Duration (Milliseconds): 250ms; Block Input: False
Save Value - Source: Party
Save Value - Variable: 1; Property: Map X (Feet)
Save Value - Source: Party
Save Value - Variable: 2; Property: Map Y (Feet)
Save Value - Source: Party
Save Value - Variable: 3; Property: Map Z (Feet)
Save Value - Source: Party
Save Value - Variable: 4; Property: All Members - Unique ID
Get Tile Information - Coordinates: (7, 0, 8)
Get Tile Information - Height at Layer Tile: 0
Get Tile Information - Tile Tag: 0
Wait - Duration (Milliseconds): 250ms; Block Input: False
Save Value - Source: Party
Save Value - Variable: 1; Property: Map X (Feet)
Save Value - Source: Party
Save Value - Variable: 2; Property: Map Y (Feet)
Save Value - Source: Party
Save Value - Variable: 3; Property: Map Z (Feet)
Save Value - Source: Party
Save Value - Variable: 4; Property: All Members - Unique ID
Get Tile Information - Coordinates: (7, 0, 8)
Get Tile Information - Height at Layer Tile: 0
Get Tile Information - Tile Tag: 0
Wait - Duration (Milliseconds): 250ms; Block Input: False
Save Value - Source: Party
Save Value - Variable: 1; Property: Map X (Feet)
Save Value - Source: Party
Save Value - Variable: 2; Property: Map Y (Feet)
Save Value - Source: Party
Save Value - Variable: 3; Property: Map Z (Feet)
Save Value - Source: Party
Save Value - Variable: 4; Property: All Members - Unique ID
Get Tile Information - Coordinates: (7, 0, 8)
Get Tile Information - Height at Layer Tile: 0
Get Tile Information - Tile Tag: 0
Wait - Duration (Milliseconds): 250ms; Block Input: False
Save Value - Source: Party
Save Value - Variable: 1; Property: Map X (Feet)
Save Value - Source: Party
Save Value - Variable: 2; Property: Map Y (Feet)
Save Value - Source: Party
Save Value - Variable: 3; Property: Map Z (Feet)
Save Value - Source: Party
Save Value - Variable: 4; Property: All Members - Unique ID
Get Tile Information - Coordinates: (7, 0, 8)
Get Tile Information - Height at Layer Tile: 0
Get Tile Information - Tile Tag: 0
Wait - Duration (Milliseconds): 250ms; Block Input: False
Save Value - Source: Party
Save Value - Variable: 1; Property: Map X (Feet)
Save Value - Source: Party
Save Value - Variable: 2; Property: Map Y (Feet)
Save Value - Source: Party
Save Value - Variable: 3; Property: Map Z (Feet)
Save Value - Source: Party
Save Value - Variable: 4; Property: All Members - Unique ID
Get Tile Information - Coordinates: (7, 0, 8)
Get Tile Information - Height at Layer Tile: 0
Get Tile Information - Tile Tag: 0
Wait - Duration (Milliseconds): 250ms; Block Input: False
Save Value - Source: Party
Save Value - Variable: 1; Property: Map X (Feet)
Save Value - Source: Party
Save Value - Variable: 2; Property: Map Y (Feet)
Save Value - Source: Party
Save Value - Variable: 3; Property: Map Z (Feet)
Save Value - Source: Party
Save Value - Variable: 4; Property: All Members - Unique ID
Get Tile Information - Coordinates: (7, 0, 8)
Get Tile Information - Height at Layer Tile: 0
Get Tile Information - Tile Tag: 0
Wait - Duration (Milliseconds): 250ms; Block Input: False
Save Value - Source: Party
Save Value - Variable: 1; Property: Map X (Feet)
Save Value - Source: Party
Save Value - Variable: 2; Property: Map Y (Feet)
Save Value - Source: Party
Save Value - Variable: 3; Property: Map Z (Feet)
Save Value - Source: Party
Save Value - Variable: 4; Property: All Members - Unique ID
Get Tile Information - Coordinates: (7, 0, 8)
Get Tile Information - Height at Layer Tile: 0
Get Tile Information - Tile Tag: 0
Wait - Duration (Milliseconds): 250ms; Block Input: False
Save Value - Source: Party
Save Value - Variable: 1; Property: Map X (Feet)
Save Value - Source: Party
Save Value - Variable: 2; Property: Map Y (Feet)
Save Value - Source: Party
Save Value - Variable: 3; Property: Map Z (Feet)
Save Value - Source: Party
Save Value - Variable: 4; Property: All Members - Unique ID
Get Tile Information - Coordinates: (6.79, 0, 8)
Get Tile Information - Height at Layer Tile: 0
Get Tile Information - Tile Tag: 0
Wait - Duration (Milliseconds): 250ms; Block Input: False
Save Value - Source: Party
Save Value - Variable: 1; Property: Map X (Feet)
Save Value - Source: Party
Save Value - Variable: 2; Property: Map Y (Feet)
Save Value - Source: Party
Save Value - Variable: 3; Property: Map Z (Feet)
Save Value - Source: Party
Save Value - Variable: 4; Property: All Members - Unique ID
Get Tile Information - Coordinates: (6.53, 0, 8)
Get Tile Information - Height at Layer Tile: 0
Get Tile Information - Tile Tag: 0
Wait - Duration (Milliseconds): 250ms; Block Input: False
Save Value - Source: Party
Save Value - Variable: 1; Property: Map X (Feet)
Save Value - Source: Party
Save Value - Variable: 2; Property: Map Y (Feet)
Save Value - Source: Party
Save Value - Variable: 3; Property: Map Z (Feet)
Save Value - Source: Party
Save Value - Variable: 4; Property: All Members - Unique ID
Get Tile Information - Coordinates: (6.27, 0, 8)
Get Tile Information - Height at Layer Tile: 0
Get Tile Information - Tile Tag: 0
Wait - Duration (Milliseconds): 250ms; Block Input: False
Save Value - Source: Party
Save Value - Variable: 1; Property: Map X (Feet)
Save Value - Source: Party
Save Value - Variable: 2; Property: Map Y (Feet)
Save Value - Source: Party
Save Value - Variable: 3; Property: Map Z (Feet)
Save Value - Source: Party
Save Value - Variable: 4; Property: All Members - Unique ID
Get Tile Information - Coordinates: (6, 0, 8)
Get Tile Information - Height at Layer Tile: 0
Get Tile Information - Tile Tag: 0
Wait - Duration (Milliseconds): 250ms; Block Input: False
Save Value - Source: Party
Save Value - Variable: 1; Property: Map X (Feet)
Save Value - Source: Party
Save Value - Variable: 2; Property: Map Y (Feet)
Save Value - Source: Party
Save Value - Variable: 3; Property: Map Z (Feet)
Save Value - Source: Party
Save Value - Variable: 4; Property: All Members - Unique ID
Get Tile Information - Coordinates: (5.74, 0, 8)
Get Tile Information - Height at Layer Tile: 0
Get Tile Information - Tile Tag: 0
Wait - Duration (Milliseconds): 250ms; Block Input: False
Save Value - Source: Party
Save Value - Variable: 1; Property: Map X (Feet)
Save Value - Source: Party
Save Value - Variable: 2; Property: Map Y (Feet)
Save Value - Source: Party
Save Value - Variable: 3; Property: Map Z (Feet)
Save Value - Source: Party
Save Value - Variable: 4; Property: All Members - Unique ID
Get Tile Information - Coordinates: (5.48, 0, 8)
Get Tile Information - Height at Layer Tile: 0
Get Tile Information - Tile Tag: 0
Wait - Duration (Milliseconds): 250ms; Block Input: False
Save Value - Source: Party
Save Value - Variable: 1; Property: Map X (Feet)
Save Value - Source: Party
Save Value - Variable: 2; Property: Map Y (Feet)
Save Value - Source: Party
Save Value - Variable: 3; Property: Map Z (Feet)
Save Value - Source: Party
Save Value - Variable: 4; Property: All Members - Unique ID
Get Tile Information - Coordinates: (5.23, 0, 8)
Get Tile Information - Height at Layer Tile: 0
Get Tile Information - Tile Tag: 0
Wait - Duration (Milliseconds): 250ms; Block Input: False
Save Value - Source: Party
Save Value - Variable: 1; Property: Map X (Feet)
Save Value - Source: Party
Save Value - Variable: 2; Property: Map Y (Feet)
Save Value - Source: Party
Save Value - Variable: 3; Property: Map Z (Feet)
Save Value - Source: Party
Save Value - Variable: 4; Property: All Members - Unique ID
Get Tile Information - Coordinates: (4.96, 0, 8)
Get Tile Information - Height at Layer Tile: 0
Get Tile Information - Tile Tag: 0
Wait - Duration (Milliseconds): 250ms; Block Input: False
Save Value - Source: Party
Save Value - Variable: 1; Property: Map X (Feet)
Save Value - Source: Party
Save Value - Variable: 2; Property: Map Y (Feet)
Save Value - Source: Party
Save Value - Variable: 3; Property: Map Z (Feet)
Save Value - Source: Party
Save Value - Variable: 4; Property: All Members - Unique ID
Get Tile Information - Coordinates: (4.7, 0, 8)
Get Tile Information - Height at Layer Tile: 0
Get Tile Information - Tile Tag: 0
Wait - Duration (Milliseconds): 250ms; Block Input: False
Save Value - Source: Party
Save Value - Variable: 1; Property: Map X (Feet)
Save Value - Source: Party
Save Value - Variable: 2; Property: Map Y (Feet)
Save Value - Source: Party
Save Value - Variable: 3; Property: Map Z (Feet)
Save Value - Source: Party
Save Value - Variable: 4; Property: All Members - Unique ID
Get Tile Information - Coordinates: (4.44, 0, 8)
Get Tile Information - Height at Layer Tile: 0
Get Tile Information - Tile Tag: 0
Wait - Duration (Milliseconds): 250ms; Block Input: False
Save Value - Source: Party
Save Value - Variable: 1; Property: Map X (Feet)
Save Value - Source: Party
Save Value - Variable: 2; Property: Map Y (Feet)
Save Value - Source: Party
Save Value - Variable: 3; Property: Map Z (Feet)
Save Value - Source: Party
Save Value - Variable: 4; Property: All Members - Unique ID
Get Tile Information - Coordinates: (4.18, 0, 8)
Get Tile Information - Height at Layer Tile: 0
Get Tile Information - Tile Tag: 0
Wait - Duration (Milliseconds): 250ms; Block Input: False
Save Value - Source: Party
Save Value - Variable: 1; Property: Map X (Feet)
Save Value - Source: Party
Save Value - Variable: 2; Property: Map Y (Feet)
Save Value - Source: Party
Save Value - Variable: 3; Property: Map Z (Feet)
Save Value - Source: Party
Save Value - Variable: 4; Property: All Members - Unique ID
Get Tile Information - Coordinates: (4, 0, 7.91)
Get Tile Information - Height at Layer Tile: 0
Get Tile Information - Tile Tag: 0
Wait - Duration (Milliseconds): 250ms; Block Input: False
Save Value - Source: Party
Save Value - Variable: 1; Property: Map X (Feet)
Save Value - Source: Party
Save Value - Variable: 2; Property: Map Y (Feet)
Save Value - Source: Party
Save Value - Variable: 3; Property: Map Z (Feet)
Save Value - Source: Party
Save Value - Variable: 4; Property: All Members - Unique ID
Get Tile Information - Coordinates: (4, 0, 7.65)
Get Tile Information - Height at Layer Tile: 0
Get Tile Information - Tile Tag: 0
Wait - Duration (Milliseconds): 250ms; Block Input: False
Save Value - Source: Party
Save Value - Variable: 1; Property: Map X (Feet)
Save Value - Source: Party
Save Value - Variable: 2; Property: Map Y (Feet)
Save Value - Source: Party
Save Value - Variable: 3; Property: Map Z (Feet)
Save Value - Source: Party
Save Value - Variable: 4; Property: All Members - Unique ID
Get Tile Information - Coordinates: (4, 0, 7.39)
Get Tile Information - Height at Layer Tile: 0
Get Tile Information - Tile Tag: 0
Wait - Duration (Milliseconds): 250ms; Block Input: False
Save Value - Source: Party
Save Value - Variable: 1; Property: Map X (Feet)
Save Value - Source: Party
Save Value - Variable: 2; Property: Map Y (Feet)
Save Value - Source: Party
Save Value - Variable: 3; Property: Map Z (Feet)
Save Value - Source: Party
Save Value - Variable: 4; Property: All Members - Unique ID
Get Tile Information - Coordinates: (4, 0, 7.13)
Get Tile Information - Height at Layer Tile: 0
Get Tile Information - Tile Tag: 0
Wait - Duration (Milliseconds): 250ms; Block Input: False
Save Value - Source: Party
Save Value - Variable: 1; Property: Map X (Feet)
Save Value - Source: Party
Save Value - Variable: 2; Property: Map Y (Feet)
Save Value - Source: Party
Save Value - Variable: 3; Property: Map Z (Feet)
Save Value - Source: Party
Save Value - Variable: 4; Property: All Members - Unique ID
Get Tile Information - Coordinates: (4, 0, 6.87)
Get Tile Information - Height at Layer Tile: 0
Get Tile Information - Tile Tag: 0
Wait - Duration (Milliseconds): 250ms; Block Input: False
Save Value - Source: Party
Save Value - Variable: 1; Property: Map X (Feet)
Save Value - Source: Party
Save Value - Variable: 2; Property: Map Y (Feet)
Save Value - Source: Party
Save Value - Variable: 3; Property: Map Z (Feet)
Save Value - Source: Party
Save Value - Variable: 4; Property: All Members - Unique ID
Get Tile Information - Coordinates: (4, 0, 6.61)
Get Tile Information - Height at Layer Tile: 0
Get Tile Information - Tile Tag: 0
Wait - Duration (Milliseconds): 250ms; Block Input: False
Save Value - Source: Party
Save Value - Variable: 1; Property: Map X (Feet)
Save Value - Source: Party
Save Value - Variable: 2; Property: Map Y (Feet)
Save Value - Source: Party
Save Value - Variable: 3; Property: Map Z (Feet)
Save Value - Source: Party
Save Value - Variable: 4; Property: All Members - Unique ID
Get Tile Information - Coordinates: (4, 0, 6.35)
Get Tile Information - Height at Layer Tile: 0
Get Tile Information - Tile Tag: 0
Wait - Duration (Milliseconds): 250ms; Block Input: False
Save Value - Source: Party
Save Value - Variable: 1; Property: Map X (Feet)
Save Value - Source: Party
Save Value - Variable: 2; Property: Map Y (Feet)
Save Value - Source: Party
Save Value - Variable: 3; Property: Map Z (Feet)
Save Value - Source: Party
Save Value - Variable: 4; Property: All Members - Unique ID
Get Tile Information - Coordinates: (4, 0, 6.09)
Get Tile Information - Height at Layer Tile: 0
Get Tile Information - Tile Tag: 0
Wait - Duration (Milliseconds): 250ms; Block Input: False
Save Value - Source: Party
Save Value - Variable: 1; Property: Map X (Feet)
Save Value - Source: Party
Save Value - Variable: 2; Property: Map Y (Feet)
Save Value - Source: Party
Save Value - Variable: 3; Property: Map Z (Feet)
Save Value - Source: Party
Save Value - Variable: 4; Property: All Members - Unique ID
Get Tile Information - Coordinates: (4, 0, 5.82)
Get Tile Information - Height at Layer Tile: 0
Get Tile Information - Tile Tag: 0
Wait - Duration (Milliseconds): 250ms; Block Input: False
Save Value - Source: Party
Save Value - Variable: 1; Property: Map X (Feet)
Save Value - Source: Party
Save Value - Variable: 2; Property: Map Y (Feet)
Save Value - Source: Party
Save Value - Variable: 3; Property: Map Z (Feet)
Save Value - Source: Party
Save Value - Variable: 4; Property: All Members - Unique ID
Get Tile Information - Coordinates: (4, 0, 5.56)
Get Tile Information - Height at Layer Tile: 0
Get Tile Information - Tile Tag: 0
Wait - Duration (Milliseconds): 250ms; Block Input: False
Save Value - Source: Party
Save Value - Variable: 1; Property: Map X (Feet)
Save Value - Source: Party
Save Value - Variable: 2; Property: Map Y (Feet)
Save Value - Source: Party
Save Value - Variable: 3; Property: Map Z (Feet)
Save Value - Source: Party
Save Value - Variable: 4; Property: All Members - Unique ID
Get Tile Information - Coordinates: (4, 0, 5.3)
Get Tile Information - Height at Layer Tile: 0
Get Tile Information - Tile Tag: 0
Wait - Duration (Milliseconds): 250ms; Block Input: False
Save Value - Source: Party
Save Value - Variable: 1; Property: Map X (Feet)
Save Value - Source: Party
Save Value - Variable: 2; Property: Map Y (Feet)
Save Value - Source: Party
Save Value - Variable: 3; Property: Map Z (Feet)
Save Value - Source: Party
Save Value - Variable: 4; Property: All Members - Unique ID
Get Tile Information - Coordinates: (4, 0, 5.04)
Get Tile Information - Height at Layer Tile: 0
Get Tile Information - Tile Tag: 0
Wait - Duration (Milliseconds): 250ms; Block Input: False
Save Value - Source: Party
Save Value - Variable: 1; Property: Map X (Feet)
Save Value - Source: Party
Save Value - Variable: 2; Property: Map Y (Feet)
Save Value - Source: Party
Save Value - Variable: 3; Property: Map Z (Feet)
Save Value - Source: Party
Save Value - Variable: 4; Property: All Members - Unique ID
Get Tile Information - Coordinates: (4, 0, 4.77)
Get Tile Information - Height at Layer Tile: 0
Get Tile Information - Tile Tag: 0
Wait - Duration (Milliseconds): 250ms; Block Input: False
Save Value - Source: Party
Save Value - Variable: 1; Property: Map X (Feet)
Save Value - Source: Party
Save Value - Variable: 2; Property: Map Y (Feet)
Save Value - Source: Party
Save Value - Variable: 3; Property: Map Z (Feet)
Save Value - Source: Party
Save Value - Variable: 4; Property: All Members - Unique ID
Get Tile Information - Coordinates: (4, 0, 4.51)
Get Tile Information - Height at Layer Tile: 0
Get Tile Information - Tile Tag: 0
Wait - Duration (Milliseconds): 250ms; Block Input: False
Save Value - Source: Party
Save Value - Variable: 1; Property: Map X (Feet)
Save Value - Source: Party
Save Value - Variable: 2; Property: Map Y (Feet)
Save Value - Source: Party
Save Value - Variable: 3; Property: Map Z (Feet)
Save Value - Source: Party
Save Value - Variable: 4; Property: All Members - Unique ID
Get Tile Information - Coordinates: (4, 0, 4.25)
Get Tile Information - Height at Layer Tile: 0
Get Tile Information - Tile Tag: 0
Wait - Duration (Milliseconds): 250ms; Block Input: False
Save Value - Source: Party
Save Value - Variable: 1; Property: Map X (Feet)
Save Value - Source: Party
Save Value - Variable: 2; Property: Map Y (Feet)
Save Value - Source: Party
Save Value - Variable: 3; Property: Map Z (Feet)
Save Value - Source: Party
Save Value - Variable: 4; Property: All Members - Unique ID
Get Tile Information - Coordinates: (4, 0, 4)
Get Tile Information - Height at Layer Tile: 0
Get Tile Information - Tile Tag: 0
Wait - Duration (Milliseconds): 250ms; Block Input: False
Save Value - Source: Party
Save Value - Variable: 1; Property: Map X (Feet)
Save Value - Source: Party
Save Value - Variable: 2; Property: Map Y (Feet)
Save Value - Source: Party
Save Value - Variable: 3; Property: Map Z (Feet)
Save Value - Source: Party
Save Value - Variable: 4; Property: All Members - Unique ID
Get Tile Information - Coordinates: (4, 0, 4)
Get Tile Information - Height at Layer Tile: 0
Get Tile Information - Tile Tag: 0
Wait - Duration (Milliseconds): 250ms; Block Input: False
Save Value - Source: Party
Save Value - Variable: 1; Property: Map X (Feet)
Save Value - Source: Party
Save Value - Variable: 2; Property: Map Y (Feet)
Save Value - Source: Party
Save Value - Variable: 3; Property: Map Z (Feet)
Save Value - Source: Party
Save Value - Variable: 4; Property: All Members - Unique ID
Get Tile Information - Coordinates: (4, 0, 3.93)
Get Tile Information - Height at Layer Tile: 0
Get Tile Information - Tile Tag: 0
Wait - Duration (Milliseconds): 250ms; Block Input: False
Save Value - Source: Party
Save Value - Variable: 1; Property: Map X (Feet)
Save Value - Source: Party
Save Value - Variable: 2; Property: Map Y (Feet)
Save Value - Source: Party
Save Value - Variable: 3; Property: Map Z (Feet)
Save Value - Source: Party
Save Value - Variable: 4; Property: All Members - Unique ID
Get Tile Information - Coordinates: (4, 0, 3.67)
Get Tile Information - Height at Layer Tile: 0
Get Tile Information - Tile Tag: 0
Wait - Duration (Milliseconds): 250ms; Block Input: False
Save Value - Source: Party
Save Value - Variable: 1; Property: Map X (Feet)
Save Value - Source: Party
Save Value - Variable: 2; Property: Map Y (Feet)
Save Value - Source: Party
Save Value - Variable: 3; Property: Map Z (Feet)
Save Value - Source: Party
Save Value - Variable: 4; Property: All Members - Unique ID
Get Tile Information - Coordinates: (4, 0, 3.41)
Get Tile Information - Height at Layer Tile: 0
Get Tile Information - Tile Tag: 0
Wait - Duration (Milliseconds): 250ms; Block Input: False
Save Value - Source: Party
Save Value - Variable: 1; Property: Map X (Feet)
Save Value - Source: Party
Save Value - Variable: 2; Property: Map Y (Feet)
Save Value - Source: Party
Save Value - Variable: 3; Property: Map Z (Feet)
Save Value - Source: Party
Save Value - Variable: 4; Property: All Members - Unique ID
Get Tile Information - Coordinates: (4, 0, 3.15)
Get Tile Information - Height at Layer Tile: 0
Get Tile Information - Tile Tag: 0
Wait - Duration (Milliseconds): 250ms; Block Input: False
Save Value - Source: Party
Save Value - Variable: 1; Property: Map X (Feet)
Save Value - Source: Party
Save Value - Variable: 2; Property: Map Y (Feet)
Save Value - Source: Party
Save Value - Variable: 3; Property: Map Z (Feet)
Save Value - Source: Party
Save Value - Variable: 4; Property: All Members - Unique ID
Get Tile Information - Coordinates: (4, 0, 3)
Get Tile Information - Height at Layer Tile: 0
Get Tile Information - Tile Tag: 0
Wait - Duration (Milliseconds): 250ms; Block Input: False
Save Value - Source: Party
Save Value - Variable: 1; Property: Map X (Feet)
Save Value - Source: Party
Save Value - Variable: 2; Property: Map Y (Feet)
Save Value - Source: Party
Save Value - Variable: 3; Property: Map Z (Feet)
Save Value - Source: Party
Save Value - Variable: 4; Property: All Members - Unique ID
Get Tile Information - Coordinates: (4, 0, 3)
Get Tile Information - Height at Layer Tile: 0
Get Tile Information - Tile Tag: 0
Wait - Duration (Milliseconds): 250ms; Block Input: False
Save Value - Source: Party
Save Value - Variable: 1; Property: Map X (Feet)
Save Value - Source: Party
Save Value - Variable: 2; Property: Map Y (Feet)
Save Value - Source: Party
Save Value - Variable: 3; Property: Map Z (Feet)
Save Value - Source: Party
Save Value - Variable: 4; Property: All Members - Unique ID
Get Tile Information - Coordinates: (4, 0, 2.74)
Get Tile Information - Height at Layer Tile: 0
Get Tile Information - Tile Tag: 0
Wait - Duration (Milliseconds): 250ms; Block Input: False
Save Value - Source: Party
Save Value - Variable: 1; Property: Map X (Feet)
Save Value - Source: Party
Save Value - Variable: 2; Property: Map Y (Feet)
Save Value - Source: Party
Save Value - Variable: 3; Property: Map Z (Feet)
Save Value - Source: Party
Save Value - Variable: 4; Property: All Members - Unique ID
Get Tile Information - Coordinates: (4, 0, 2.47)
Get Tile Information - Height at Layer Tile: 0
Get Tile Information - Tile Tag: 0
Wait - Duration (Milliseconds): 250ms; Block Input: False
Save Value - Source: Party
Save Value - Variable: 1; Property: Map X (Feet)
Save Value - Source: Party
Save Value - Variable: 2; Property: Map Y (Feet)
Save Value - Source: Party
Save Value - Variable: 3; Property: Map Z (Feet)
Save Value - Source: Party
Save Value - Variable: 4; Property: All Members - Unique ID
Get Tile Information - Coordinates: (4, 0, 2.21)
Get Tile Information - Height at Layer Tile: 0
Get Tile Information - Tile Tag: 0
Wait - Duration (Milliseconds): 250ms; Block Input: False
Save Value - Source: Party
Save Value - Variable: 1; Property: Map X (Feet)
Save Value - Source: Party
Save Value - Variable: 2; Property: Map Y (Feet)
Save Value - Source: Party
Save Value - Variable: 3; Property: Map Z (Feet)
Save Value - Source: Party
Save Value - Variable: 4; Property: All Members - Unique ID
Get Tile Information - Coordinates: (4, 0, 2)
Get Tile Information - Height at Layer Tile: 0
Get Tile Information - Tile Tag: 0
Wait - Duration (Milliseconds): 250ms; Block Input: False
Save Value - Source: Party
Save Value - Variable: 1; Property: Map X (Feet)
Save Value - Source: Party
Save Value - Variable: 2; Property: Map Y (Feet)
Save Value - Source: Party
Save Value - Variable: 3; Property: Map Z (Feet)
Save Value - Source: Party
Save Value - Variable: 4; Property: All Members - Unique ID
Get Tile Information - Coordinates: (4, 0, 2)
Get Tile Information - Height at Layer Tile: 0
Get Tile Information - Tile Tag: 0
Wait - Duration (Milliseconds): 250ms; Block Input: False
Save Value - Source: Party
Save Value - Variable: 1; Property: Map X (Feet)
Save Value - Source: Party
Save Value - Variable: 2; Property: Map Y (Feet)
Save Value - Source: Party
Save Value - Variable: 3; Property: Map Z (Feet)
Save Value - Source: Party
Save Value - Variable: 4; Property: All Members - Unique ID
Get Tile Information - Coordinates: (4, 0, 1.75)
Get Tile Information - Height at Layer Tile: 0
Get Tile Information - Tile Tag: 0
Wait - Duration (Milliseconds): 250ms; Block Input: False
Save Value - Source: Party
Save Value - Variable: 1; Property: Map X (Feet)
Save Value - Source: Party
Save Value - Variable: 2; Property: Map Y (Feet)
Save Value - Source: Party
Save Value - Variable: 3; Property: Map Z (Feet)
Save Value - Source: Party
Save Value - Variable: 4; Property: All Members - Unique ID
Get Tile Information - Coordinates: (4, -0.004, 1.49)
Get Tile Information - Height at Layer Tile: 0
Get Tile Information - Tile Tag: 0
Wait - Duration (Milliseconds): 250ms; Block Input: False
Save Value - Source: Party
Save Value - Variable: 1; Property: Map X (Feet)
Save Value - Source: Party
Save Value - Variable: 2; Property: Map Y (Feet)
Save Value - Source: Party
Save Value - Variable: 3; Property: Map Z (Feet)
Save Value - Source: Party
Save Value - Variable: 4; Property: All Members - Unique ID
Get Tile Information - Coordinates: (4, 0, 1.23)
Get Tile Information - Height at Layer Tile: 0
Get Tile Information - Tile Tag: 0
Wait - Duration (Milliseconds): 250ms; Block Input: False
Save Value - Source: Party
Save Value - Variable: 1; Property: Map X (Feet)
Save Value - Source: Party
Save Value - Variable: 2; Property: Map Y (Feet)
Save Value - Source: Party
Save Value - Variable: 3; Property: Map Z (Feet)
Save Value - Source: Party
Save Value - Variable: 4; Property: All Members - Unique ID
Get Tile Information - Coordinates: (4, 0, 1)
Get Tile Information - Height at Layer Tile: 0
Get Tile Information - Tile Tag: 0
Wait - Duration (Milliseconds): 250ms; Block Input: False
Save Value - Source: Party
Save Value - Variable: 1; Property: Map X (Feet)
Save Value - Source: Party
Save Value - Variable: 2; Property: Map Y (Feet)
Save Value - Source: Party
Save Value - Variable: 3; Property: Map Z (Feet)
Save Value - Source: Party
Save Value - Variable: 4; Property: All Members - Unique ID
Get Tile Information - Coordinates: (4, 0, 1.18)
Get Tile Information - Height at Layer Tile: 0
Get Tile Information - Tile Tag: 0
Wait - Duration (Milliseconds): 250ms; Block Input: False
Save Value - Source: Party
Save Value - Variable: 1; Property: Map X (Feet)
Save Value - Source: Party
Save Value - Variable: 2; Property: Map Y (Feet)
Save Value - Source: Party
Save Value - Variable: 3; Property: Map Z (Feet)
Save Value - Source: Party
Save Value - Variable: 4; Property: All Members - Unique ID
Get Tile Information - Coordinates: (4, 0, 1.44)
Get Tile Information - Height at Layer Tile: 0
Get Tile Information - Tile Tag: 0
Wait - Duration (Milliseconds): 250ms; Block Input: False
Save Value - Source: Party
Save Value - Variable: 1; Property: Map X (Feet)
Save Value - Source: Party
Save Value - Variable: 2; Property: Map Y (Feet)
Save Value - Source: Party
Save Value - Variable: 3; Property: Map Z (Feet)
Save Value - Source: Party
Save Value - Variable: 4; Property: All Members - Unique ID
Get Tile Information - Coordinates: (4, 0, 1.7)
Get Tile Information - Height at Layer Tile: 0
Get Tile Information - Tile Tag: 0
Wait - Duration (Milliseconds): 250ms; Block Input: False
Save Value - Source: Party
Save Value - Variable: 1; Property: Map X (Feet)
Save Value - Source: Party
Save Value - Variable: 2; Property: Map Y (Feet)
Save Value - Source: Party
Save Value - Variable: 3; Property: Map Z (Feet)
Save Value - Source: Party
Save Value - Variable: 4; Property: All Members - Unique ID
Get Tile Information - Coordinates: (4, 0, 1.96)
Get Tile Information - Height at Layer Tile: 0
Get Tile Information - Tile Tag: 0
Wait - Duration (Milliseconds): 250ms; Block Input: False
Save Value - Source: Party
Save Value - Variable: 1; Property: Map X (Feet)
Save Value - Source: Party
Save Value - Variable: 2; Property: Map Y (Feet)
Save Value - Source: Party
Save Value - Variable: 3; Property: Map Z (Feet)
Save Value - Source: Party
Save Value - Variable: 4; Property: All Members - Unique ID
Get Tile Information - Coordinates: (4.22, 0, 2)
Get Tile Information - Height at Layer Tile: 0
Get Tile Information - Tile Tag: 0
Wait - Duration (Milliseconds): 250ms; Block Input: False
Save Value - Source: Party
Save Value - Variable: 1; Property: Map X (Feet)
Save Value - Source: Party
Save Value - Variable: 2; Property: Map Y (Feet)
Save Value - Source: Party
Save Value - Variable: 3; Property: Map Z (Feet)
Save Value - Source: Party
Save Value - Variable: 4; Property: All Members - Unique ID
Get Tile Information - Coordinates: (4.48, 0, 2)
Get Tile Information - Height at Layer Tile: 0
Get Tile Information - Tile Tag: 0
Wait - Duration (Milliseconds): 250ms; Block Input: False
Save Value - Source: Party
Save Value - Variable: 1; Property: Map X (Feet)
Save Value - Source: Party
Save Value - Variable: 2; Property: Map Y (Feet)
Save Value - Source: Party
Save Value - Variable: 3; Property: Map Z (Feet)
Save Value - Source: Party
Save Value - Variable: 4; Property: All Members - Unique ID
Get Tile Information - Coordinates: (4.74, 0, 2)
Get Tile Information - Height at Layer Tile: 0
Get Tile Information - Tile Tag: 0
Wait - Duration (Milliseconds): 250ms; Block Input: False
Save Value - Source: Party
Save Value - Variable: 1; Property: Map X (Feet)
Save Value - Source: Party
Save Value - Variable: 2; Property: Map Y (Feet)
Save Value - Source: Party
Save Value - Variable: 3; Property: Map Z (Feet)
Save Value - Source: Party
Save Value - Variable: 4; Property: All Members - Unique ID
Get Tile Information - Coordinates: (5, 0, 2.01)
Get Tile Information - Height at Layer Tile: 0
Get Tile Information - Tile Tag: 0
Wait - Duration (Milliseconds): 250ms; Block Input: False
Save Value - Source: Party
Save Value - Variable: 1; Property: Map X (Feet)
Save Value - Source: Party
Save Value - Variable: 2; Property: Map Y (Feet)
Save Value - Source: Party
Save Value - Variable: 3; Property: Map Z (Feet)
Save Value - Source: Party
Save Value - Variable: 4; Property: All Members - Unique ID
Get Tile Information - Coordinates: (5, 0, 2.27)
Get Tile Information - Height at Layer Tile: 0
Get Tile Information - Tile Tag: 0
Wait - Duration (Milliseconds): 250ms; Block Input: False
Save Value - Source: Party
Save Value - Variable: 1; Property: Map X (Feet)
Save Value - Source: Party
Save Value - Variable: 2; Property: Map Y (Feet)
Save Value - Source: Party
Save Value - Variable: 3; Property: Map Z (Feet)
Save Value - Source: Party
Save Value - Variable: 4; Property: All Members - Unique ID
Get Tile Information - Coordinates: (5, 0, 2.53)
Get Tile Information - Height at Layer Tile: 0
Get Tile Information - Tile Tag: 0
Wait - Duration (Milliseconds): 250ms; Block Input: False
Save Value - Source: Party
Save Value - Variable: 1; Property: Map X (Feet)
Save Value - Source: Party
Save Value - Variable: 2; Property: Map Y (Feet)
Save Value - Source: Party
Save Value - Variable: 3; Property: Map Z (Feet)
Save Value - Source: Party
Save Value - Variable: 4; Property: All Members - Unique ID
Get Tile Information - Coordinates: (5, 0, 2.79)
Get Tile Information - Height at Layer Tile: 0
Get Tile Information - Tile Tag: 0
Wait - Duration (Milliseconds): 250ms; Block Input: False
Save Value - Source: Party
Save Value - Variable: 1; Property: Map X (Feet)
Save Value - Source: Party
Save Value - Variable: 2; Property: Map Y (Feet)
Save Value - Source: Party
Save Value - Variable: 3; Property: Map Z (Feet)
Save Value - Source: Party
Save Value - Variable: 4; Property: All Members - Unique ID
Get Tile Information - Coordinates: (5, 0, 3.06)
Get Tile Information - Height at Layer Tile: 0
Get Tile Information - Tile Tag: 0
Wait - Duration (Milliseconds): 250ms; Block Input: False
Save Value - Source: Party
Save Value - Variable: 1; Property: Map X (Feet)
Save Value - Source: Party
Save Value - Variable: 2; Property: Map Y (Feet)
Save Value - Source: Party
Save Value - Variable: 3; Property: Map Z (Feet)
Save Value - Source: Party
Save Value - Variable: 4; Property: All Members - Unique ID
Get Tile Information - Coordinates: (5, 0, 3.32)
Get Tile Information - Height at Layer Tile: 0
Get Tile Information - Tile Tag: 0
Wait - Duration (Milliseconds): 250ms; Block Input: False
Save Value - Source: Party
Save Value - Variable: 1; Property: Map X (Feet)
Save Value - Source: Party
Save Value - Variable: 2; Property: Map Y (Feet)
Save Value - Source: Party
Save Value - Variable: 3; Property: Map Z (Feet)
Save Value - Source: Party
Save Value - Variable: 4; Property: All Members - Unique ID
Get Tile Information - Coordinates: (5, 0, 3.58)
Get Tile Information - Height at Layer Tile: 0
Get Tile Information - Tile Tag: 0
Wait - Duration (Milliseconds): 250ms; Block Input: False
Save Value - Source: Party
Save Value - Variable: 1; Property: Map X (Feet)
Save Value - Source: Party
Save Value - Variable: 2; Property: Map Y (Feet)
Save Value - Source: Party
Save Value - Variable: 3; Property: Map Z (Feet)
Save Value - Source: Party
Save Value - Variable: 4; Property: All Members - Unique ID
Get Tile Information - Coordinates: (5, 0, 3.84)
Get Tile Information - Height at Layer Tile: 0
Get Tile Information - Tile Tag: 0
Wait - Duration (Milliseconds): 250ms; Block Input: False
Save Value - Source: Party
Save Value - Variable: 1; Property: Map X (Feet)
Save Value - Source: Party
Save Value - Variable: 2; Property: Map Y (Feet)
Save Value - Source: Party
Save Value - Variable: 3; Property: Map Z (Feet)
Save Value - Source: Party
Save Value - Variable: 4; Property: All Members - Unique ID
Get Tile Information - Coordinates: (5, 0, 4.11)
Get Tile Information - Height at Layer Tile: 0
Get Tile Information - Tile Tag: 0
Wait - Duration (Milliseconds): 250ms; Block Input: False
Save Value - Source: Party
Save Value - Variable: 1; Property: Map X (Feet)
Save Value - Source: Party
Save Value - Variable: 2; Property: Map Y (Feet)
Save Value - Source: Party
Save Value - Variable: 3; Property: Map Z (Feet)
Save Value - Source: Party
Save Value - Variable: 4; Property: All Members - Unique ID
Get Tile Information - Coordinates: (5, 0, 4.37)
Get Tile Information - Height at Layer Tile: 0
Get Tile Information - Tile Tag: 0
Wait - Duration (Milliseconds): 250ms; Block Input: False
Save Value - Source: Party
Save Value - Variable: 1; Property: Map X (Feet)
Save Value - Source: Party
Save Value - Variable: 2; Property: Map Y (Feet)
Save Value - Source: Party
Save Value - Variable: 3; Property: Map Z (Feet)
Save Value - Source: Party
Save Value - Variable: 4; Property: All Members - Unique ID
Get Tile Information - Coordinates: (5, 0, 4.63)
Get Tile Information - Height at Layer Tile: 0
Get Tile Information - Tile Tag: 0
Wait - Duration (Milliseconds): 250ms; Block Input: False
Save Value - Source: Party
Save Value - Variable: 1; Property: Map X (Feet)
Save Value - Source: Party
Save Value - Variable: 2; Property: Map Y (Feet)
Save Value - Source: Party
Save Value - Variable: 3; Property: Map Z (Feet)
Save Value - Source: Party
Save Value - Variable: 4; Property: All Members - Unique ID
Get Tile Information - Coordinates: (5, 0, 4.89)
Get Tile Information - Height at Layer Tile: 0
Get Tile Information - Tile Tag: 0
Wait - Duration (Milliseconds): 250ms; Block Input: False
Save Value - Source: Party
Save Value - Variable: 1; Property: Map X (Feet)
Save Value - Source: Party
Save Value - Variable: 2; Property: Map Y (Feet)
Save Value - Source: Party
Save Value - Variable: 3; Property: Map Z (Feet)
Save Value - Source: Party
Save Value - Variable: 4; Property: All Members - Unique ID
Get Tile Information - Coordinates: (5.16, 0, 5)
Get Tile Information - Height at Layer Tile: 0
Get Tile Information - Tile Tag: 0
Wait - Duration (Milliseconds): 250ms; Block Input: False
Save Value - Source: Party
Save Value - Variable: 1; Property: Map X (Feet)
Save Value - Source: Party
Save Value - Variable: 2; Property: Map Y (Feet)
Save Value - Source: Party
Save Value - Variable: 3; Property: Map Z (Feet)
Save Value - Source: Party
Save Value - Variable: 4; Property: All Members - Unique ID
Get Tile Information - Coordinates: (5.42, 0, 5)
Get Tile Information - Height at Layer Tile: 0
Get Tile Information - Tile Tag: 0
Wait - Duration (Milliseconds): 250ms; Block Input: False
Save Value - Source: Party
Save Value - Variable: 1; Property: Map X (Feet)
Save Value - Source: Party
Save Value - Variable: 2; Property: Map Y (Feet)
Save Value - Source: Party
Save Value - Variable: 3; Property: Map Z (Feet)
Save Value - Source: Party
Save Value - Variable: 4; Property: All Members - Unique ID
Get Tile Information - Coordinates: (5.68, 0, 5)
Get Tile Information - Height at Layer Tile: 0
Get Tile Information - Tile Tag: 0
Wait - Duration (Milliseconds): 250ms; Block Input: False
Save Value - Source: Party
Save Value - Variable: 1; Property: Map X (Feet)
Save Value - Source: Party
Save Value - Variable: 2; Property: Map Y (Feet)
Save Value - Source: Party
Save Value - Variable: 3; Property: Map Z (Feet)
Save Value - Source: Party
Save Value - Variable: 4; Property: All Members - Unique ID
Get Tile Information - Coordinates: (5.94, 0, 5)
Get Tile Information - Height at Layer Tile: 0
Get Tile Information - Tile Tag: 0
Wait - Duration (Milliseconds): 250ms; Block Input: False
Save Value - Source: Party
Save Value - Variable: 1; Property: Map X (Feet)
Save Value - Source: Party
Save Value - Variable: 2; Property: Map Y (Feet)
Save Value - Source: Party
Save Value - Variable: 3; Property: Map Z (Feet)
Save Value - Source: Party
Save Value - Variable: 4; Property: All Members - Unique ID
Get Tile Information - Coordinates: (6, 0, 5)
Get Tile Information - Height at Layer Tile: 0
Get Tile Information - Tile Tag: 0
Wait - Duration (Milliseconds): 250ms; Block Input: False
Save Value - Source: Party
Save Value - Variable: 1; Property: Map X (Feet)
Save Value - Source: Party
Save Value - Variable: 2; Property: Map Y (Feet)
Save Value - Source: Party
Save Value - Variable: 3; Property: Map Z (Feet)
Save Value - Source: Party
Save Value - Variable: 4; Property: All Members - Unique ID
Get Tile Information - Coordinates: (6, 0, 5)
Get Tile Information - Height at Layer Tile: 0
Get Tile Information - Tile Tag: 0
Wait - Duration (Milliseconds): 250ms; Block Input: False
Save Value - Source: Party
Save Value - Variable: 1; Property: Map X (Feet)
Save Value - Source: Party
Save Value - Variable: 2; Property: Map Y (Feet)
Save Value - Source: Party
Save Value - Variable: 3; Property: Map Z (Feet)
Save Value - Source: Party
Save Value - Variable: 4; Property: All Members - Unique ID
Get Tile Information - Coordinates: (6, 0, 5)
Get Tile Information - Height at Layer Tile: 0
Get Tile Information - Tile Tag: 0
Wait - Duration (Milliseconds): 250ms; Block Input: False
Save Value - Source: Party
Save Value - Variable: 1; Property: Map X (Feet)
Save Value - Source: Party
Save Value - Variable: 2; Property: Map Y (Feet)
Save Value - Source: Party
Save Value - Variable: 3; Property: Map Z (Feet)
Save Value - Source: Party
Save Value - Variable: 4; Property: All Members - Unique ID
Get Tile Information - Coordinates: (6, 0, 4.9)
Get Tile Information - Height at Layer Tile: 0
Get Tile Information - Tile Tag: 0
Wait - Duration (Milliseconds): 250ms; Block Input: False
Save Value - Source: Party
Save Value - Variable: 1; Property: Map X (Feet)
Save Value - Source: Party
Save Value - Variable: 2; Property: Map Y (Feet)
Save Value - Source: Party
Save Value - Variable: 3; Property: Map Z (Feet)
Save Value - Source: Party
Save Value - Variable: 4; Property: All Members - Unique ID
Get Tile Information - Coordinates: (6, 0, 4.64)
Get Tile Information - Height at Layer Tile: 0
Get Tile Information - Tile Tag: 0
Wait - Duration (Milliseconds): 250ms; Block Input: False
Save Value - Source: Party
Save Value - Variable: 1; Property: Map X (Feet)
Save Value - Source: Party
Save Value - Variable: 2; Property: Map Y (Feet)
Save Value - Source: Party
Save Value - Variable: 3; Property: Map Z (Feet)
Save Value - Source: Party
Save Value - Variable: 4; Property: All Members - Unique ID
Get Tile Information - Coordinates: (6, 0, 4.37)
Get Tile Information - Height at Layer Tile: 0
Get Tile Information - Tile Tag: 0
Wait - Duration (Milliseconds): 250ms; Block Input: False
Save Value - Source: Party
Save Value - Variable: 1; Property: Map X (Feet)
Save Value - Source: Party
Save Value - Variable: 2; Property: Map Y (Feet)
Save Value - Source: Party
Save Value - Variable: 3; Property: Map Z (Feet)
Save Value - Source: Party
Save Value - Variable: 4; Property: All Members - Unique ID
Get Tile Information - Coordinates: (6, 0, 4.11)
Get Tile Information - Height at Layer Tile: 0
Get Tile Information - Tile Tag: 0
Wait - Duration (Milliseconds): 250ms; Block Input: False
Save Value - Source: Party
Save Value - Variable: 1; Property: Map X (Feet)
Save Value - Source: Party
Save Value - Variable: 2; Property: Map Y (Feet)
Save Value - Source: Party
Save Value - Variable: 3; Property: Map Z (Feet)
Save Value - Source: Party
Save Value - Variable: 4; Property: All Members - Unique ID
Get Tile Information - Coordinates: (6, 0, 4)
Get Tile Information - Height at Layer Tile: 0
Get Tile Information - Tile Tag: 0
Wait - Duration (Milliseconds): 250ms; Block Input: False
Save Value - Source: Party
Save Value - Variable: 1; Property: Map X (Feet)
Save Value - Source: Party
Save Value - Variable: 2; Property: Map Y (Feet)
Save Value - Source: Party
Save Value - Variable: 3; Property: Map Z (Feet)
Save Value - Source: Party
Save Value - Variable: 4; Property: All Members - Unique ID
Get Tile Information - Coordinates: (6, 0, 4)
Get Tile Information - Height at Layer Tile: 0
Get Tile Information - Tile Tag: 0
Wait - Duration (Milliseconds): 250ms; Block Input: False
Save Value - Source: Party
Save Value - Variable: 1; Property: Map X (Feet)
Save Value - Source: Party
Save Value - Variable: 2; Property: Map Y (Feet)
Save Value - Source: Party
Save Value - Variable: 3; Property: Map Z (Feet)
Save Value - Source: Party
Save Value - Variable: 4; Property: All Members - Unique ID
Get Tile Information - Coordinates: (6, 0, 4.05)
Get Tile Information - Height at Layer Tile: 0
Get Tile Information - Tile Tag: 0
Wait - Duration (Milliseconds): 250ms; Block Input: False
Save Value - Source: Party
Save Value - Variable: 1; Property: Map X (Feet)
Save Value - Source: Party
Save Value - Variable: 2; Property: Map Y (Feet)
Save Value - Source: Party
Save Value - Variable: 3; Property: Map Z (Feet)
Save Value - Source: Party
Save Value - Variable: 4; Property: All Members - Unique ID
Get Tile Information - Coordinates: (6, 0, 4.31)
Get Tile Information - Height at Layer Tile: 0
Get Tile Information - Tile Tag: 0
Wait - Duration (Milliseconds): 250ms; Block Input: False
Save Value - Source: Party
Save Value - Variable: 1; Property: Map X (Feet)
Save Value - Source: Party
Save Value - Variable: 2; Property: Map Y (Feet)
Save Value - Source: Party
Save Value - Variable: 3; Property: Map Z (Feet)
Save Value - Source: Party
Save Value - Variable: 4; Property: All Members - Unique ID
Get Tile Information - Coordinates: (6, 0, 4.58)
Get Tile Information - Height at Layer Tile: 0
Get Tile Information - Tile Tag: 0
Wait - Duration (Milliseconds): 250ms; Block Input: False
Save Value - Source: Party
Save Value - Variable: 1; Property: Map X (Feet)
Save Value - Source: Party
Save Value - Variable: 2; Property: Map Y (Feet)
Save Value - Source: Party
Save Value - Variable: 3; Property: Map Z (Feet)
Save Value - Source: Party
Save Value - Variable: 4; Property: All Members - Unique ID
Get Tile Information - Coordinates: (6, 0, 4.84)
Get Tile Information - Height at Layer Tile: 0
Get Tile Information - Tile Tag: 0
Wait - Duration (Milliseconds): 250ms; Block Input: False
Save Value - Source: Party
Save Value - Variable: 1; Property: Map X (Feet)
Save Value - Source: Party
Save Value - Variable: 2; Property: Map Y (Feet)
Save Value - Source: Party
Save Value - Variable: 3; Property: Map Z (Feet)
Save Value - Source: Party
Save Value - Variable: 4; Property: All Members - Unique ID
Get Tile Information - Coordinates: (6, 0, 5)
Get Tile Information - Height at Layer Tile: 0
Get Tile Information - Tile Tag: 0
Wait - Duration (Milliseconds): 250ms; Block Input: False
Save Value - Source: Party
Save Value - Variable: 1; Property: Map X (Feet)
Save Value - Source: Party
Save Value - Variable: 2; Property: Map Y (Feet)
Save Value - Source: Party
Save Value - Variable: 3; Property: Map Z (Feet)
Save Value - Source: Party
Save Value - Variable: 4; Property: All Members - Unique ID
Get Tile Information - Coordinates: (6, 0, 5)
Get Tile Information - Height at Layer Tile: 0
Get Tile Information - Tile Tag: 0
Wait - Duration (Milliseconds): 250ms; Block Input: False
Save Value - Source: Party
Save Value - Variable: 1; Property: Map X (Feet)
Save Value - Source: Party
Save Value - Variable: 2; Property: Map Y (Feet)
Save Value - Source: Party
Save Value - Variable: 3; Property: Map Z (Feet)
Save Value - Source: Party
Save Value - Variable: 4; Property: All Members - Unique ID
Get Tile Information - Coordinates: (6.26, 0, 5)
Get Tile Information - Height at Layer Tile: 0
Get Tile Information - Tile Tag: 0
Wait - Duration (Milliseconds): 250ms; Block Input: False
Save Value - Source: Party
Save Value - Variable: 1; Property: Map X (Feet)
Save Value - Source: Party
Save Value - Variable: 2; Property: Map Y (Feet)
Save Value - Source: Party
Save Value - Variable: 3; Property: Map Z (Feet)
Save Value - Source: Party
Save Value - Variable: 4; Property: All Members - Unique ID
Get Tile Information - Coordinates: (6.52, 0, 5)
Get Tile Information - Height at Layer Tile: 0
Get Tile Information - Tile Tag: 0
Wait - Duration (Milliseconds): 250ms; Block Input: False
Save Value - Source: Party
Save Value - Variable: 1; Property: Map X (Feet)
Save Value - Source: Party
Save Value - Variable: 2; Property: Map Y (Feet)
Save Value - Source: Party
Save Value - Variable: 3; Property: Map Z (Feet)
Save Value - Source: Party
Save Value - Variable: 4; Property: All Members - Unique ID
Get Tile Information - Coordinates: (6.78, 0, 5)
Get Tile Information - Height at Layer Tile: 0
Get Tile Information - Tile Tag: 0
Wait - Duration (Milliseconds): 250ms; Block Input: False
Save Value - Source: Party
Save Value - Variable: 1; Property: Map X (Feet)
Save Value - Source: Party
Save Value - Variable: 2; Property: Map Y (Feet)
Save Value - Source: Party
Save Value - Variable: 3; Property: Map Z (Feet)
Save Value - Source: Party
Save Value - Variable: 4; Property: All Members - Unique ID
Get Tile Information - Coordinates: (7.05, 0, 5)
Get Tile Information - Height at Layer Tile: 0
Get Tile Information - Tile Tag: 0
Wait - Duration (Milliseconds): 250ms; Block Input: False
Save Value - Source: Party
Save Value - Variable: 1; Property: Map X (Feet)
Save Value - Source: Party
Save Value - Variable: 2; Property: Map Y (Feet)
Save Value - Source: Party
Save Value - Variable: 3; Property: Map Z (Feet)
Save Value - Source: Party
Save Value - Variable: 4; Property: All Members - Unique ID
Get Tile Information - Coordinates: (7.31, 0, 5)
Get Tile Information - Height at Layer Tile: 0
Get Tile Information - Tile Tag: 0
Wait - Duration (Milliseconds): 250ms; Block Input: False
Save Value - Source: Party
Save Value - Variable: 1; Property: Map X (Feet)
Save Value - Source: Party
Save Value - Variable: 2; Property: Map Y (Feet)
Save Value - Source: Party
Save Value - Variable: 3; Property: Map Z (Feet)
Save Value - Source: Party
Save Value - Variable: 4; Property: All Members - Unique ID
Get Tile Information - Coordinates: (7.57, 0, 5)
Get Tile Information - Height at Layer Tile: 0
Get Tile Information - Tile Tag: 0
Wait - Duration (Milliseconds): 250ms; Block Input: False
Save Value - Source: Party
Save Value - Variable: 1; Property: Map X (Feet)
Save Value - Source: Party
Save Value - Variable: 2; Property: Map Y (Feet)
Save Value - Source: Party
Save Value - Variable: 3; Property: Map Z (Feet)
Save Value - Source: Party
Save Value - Variable: 4; Property: All Members - Unique ID
Get Tile Information - Coordinates: (7.83, 0, 5)
Get Tile Information - Height at Layer Tile: 0
Get Tile Information - Tile Tag: 0
Wait - Duration (Milliseconds): 250ms; Block Input: False
Save Value - Source: Party
Save Value - Variable: 1; Property: Map X (Feet)
Save Value - Source: Party
Save Value - Variable: 2; Property: Map Y (Feet)
Save Value - Source: Party
Save Value - Variable: 3; Property: Map Z (Feet)
Save Value - Source: Party
Save Value - Variable: 4; Property: All Members - Unique ID
Get Tile Information - Coordinates: (8.1, 0, 5)
Get Tile Information - Height at Layer Tile: 0
Get Tile Information - Tile Tag: 0
Wait - Duration (Milliseconds): 250ms; Block Input: False
Save Value - Source: Party
Save Value - Variable: 1; Property: Map X (Feet)
Save Value - Source: Party
Save Value - Variable: 2; Property: Map Y (Feet)
Save Value - Source: Party
Save Value - Variable: 3; Property: Map Z (Feet)
Save Value - Source: Party
Save Value - Variable: 4; Property: All Members - Unique ID
Get Tile Information - Coordinates: (8.36, 0, 5)
Get Tile Information - Height at Layer Tile: 0
Get Tile Information - Tile Tag: 0
Wait - Duration (Milliseconds): 250ms; Block Input: False
Save Value - Source: Party
Save Value - Variable: 1; Property: Map X (Feet)
Save Value - Source: Party
Save Value - Variable: 2; Property: Map Y (Feet)
Save Value - Source: Party
Save Value - Variable: 3; Property: Map Z (Feet)
Save Value - Source: Party
Save Value - Variable: 4; Property: All Members - Unique ID
Get Tile Information - Coordinates: (8.62, 0, 5)
Get Tile Information - Height at Layer Tile: 0
Get Tile Information - Tile Tag: 0
Wait - Duration (Milliseconds): 250ms; Block Input: False
Save Value - Source: Party
Save Value - Variable: 1; Property: Map X (Feet)
Save Value - Source: Party
Save Value - Variable: 2; Property: Map Y (Feet)
Save Value - Source: Party
Save Value - Variable: 3; Property: Map Z (Feet)
Save Value - Source: Party
Save Value - Variable: 4; Property: All Members - Unique ID
Get Tile Information - Coordinates: (8.88, 0, 5)
Get Tile Information - Height at Layer Tile: 0
Get Tile Information - Tile Tag: 0
Wait - Duration (Milliseconds): 250ms; Block Input: False
Save Value - Source: Party
Save Value - Variable: 1; Property: Map X (Feet)
Save Value - Source: Party
Save Value - Variable: 2; Property: Map Y (Feet)
Save Value - Source: Party
Save Value - Variable: 3; Property: Map Z (Feet)
Save Value - Source: Party
Save Value - Variable: 4; Property: All Members - Unique ID
Get Tile Information - Coordinates: (9.15, 0, 5)
Get Tile Information - Height at Layer Tile: 0
Get Tile Information - Tile Tag: 0
Wait - Duration (Milliseconds): 250ms; Block Input: False
Save Value - Source: Party
Save Value - Variable: 1; Property: Map X (Feet)
Save Value - Source: Party
Save Value - Variable: 2; Property: Map Y (Feet)
Save Value - Source: Party
Save Value - Variable: 3; Property: Map Z (Feet)
Save Value - Source: Party
Save Value - Variable: 4; Property: All Members - Unique ID
Get Tile Information - Coordinates: (9.41, 0, 5)
Get Tile Information - Height at Layer Tile: 0
Get Tile Information - Tile Tag: 0
Wait - Duration (Milliseconds): 250ms; Block Input: False
Save Value - Source: Party
Save Value - Variable: 1; Property: Map X (Feet)
Save Value - Source: Party
Save Value - Variable: 2; Property: Map Y (Feet)
Save Value - Source: Party
Save Value - Variable: 3; Property: Map Z (Feet)
Save Value - Source: Party
Save Value - Variable: 4; Property: All Members - Unique ID
Get Tile Information - Coordinates: (9.67, 0, 5)
Get Tile Information - Height at Layer Tile: 0
Get Tile Information - Tile Tag: 0
Wait - Duration (Milliseconds): 250ms; Block Input: False
Save Value - Source: Party
Save Value - Variable: 1; Property: Map X (Feet)
Save Value - Source: Party
Save Value - Variable: 2; Property: Map Y (Feet)
Save Value - Source: Party
Save Value - Variable: 3; Property: Map Z (Feet)
Save Value - Source: Party
Save Value - Variable: 4; Property: All Members - Unique ID
Get Tile Information - Coordinates: (9.93, 0, 5)
Get Tile Information - Height at Layer Tile: 0
Get Tile Information - Tile Tag: 0
Wait - Duration (Milliseconds): 250ms; Block Input: False
Save Value - Source: Party
Save Value - Variable: 1; Property: Map X (Feet)
Save Value - Source: Party
Save Value - Variable: 2; Property: Map Y (Feet)
Save Value - Source: Party
Save Value - Variable: 3; Property: Map Z (Feet)
Save Value - Source: Party
Save Value - Variable: 4; Property: All Members - Unique ID
Get Tile Information - Coordinates: (10, 0, 5)
Get Tile Information - Height at Layer Tile: 0
Get Tile Information - Tile Tag: 0
Wait - Duration (Milliseconds): 250ms; Block Input: False
Save Value - Source: Party
Save Value - Variable: 1; Property: Map X (Feet)
Save Value - Source: Party
Save Value - Variable: 2; Property: Map Y (Feet)
Save Value - Source: Party
Save Value - Variable: 3; Property: Map Z (Feet)
Save Value - Source: Party
Save Value - Variable: 4; Property: All Members - Unique ID
Get Tile Information - Coordinates: (10, 0, 5)
Get Tile Information - Height at Layer Tile: 0
Get Tile Information - Tile Tag: 0
Wait - Duration (Milliseconds): 250ms; Block Input: False
Save Value - Source: Party
Save Value - Variable: 1; Property: Map X (Feet)
Save Value - Source: Party
Save Value - Variable: 2; Property: Map Y (Feet)
Save Value - Source: Party
Save Value - Variable: 3; Property: Map Z (Feet)
Save Value - Source: Party
Save Value - Variable: 4; Property: All Members - Unique ID
Get Tile Information - Coordinates: (10.23, 0, 5)
Get Tile Information - Height at Layer Tile: 0
Get Tile Information - Tile Tag: 0
Wait - Duration (Milliseconds): 250ms; Block Input: False
Save Value - Source: Party
Save Value - Variable: 1; Property: Map X (Feet)
Save Value - Source: Party
Save Value - Variable: 2; Property: Map Y (Feet)
Save Value - Source: Party
Save Value - Variable: 3; Property: Map Z (Feet)
Save Value - Source: Party
Save Value - Variable: 4; Property: All Members - Unique ID
Get Tile Information - Coordinates: (10.5, 0, 5)
Get Tile Information - Height at Layer Tile: 0
Get Tile Information - Tile Tag: 0
Wait - Duration (Milliseconds): 250ms; Block Input: False
Save Value - Source: Party
Save Value - Variable: 1; Property: Map X (Feet)
Save Value - Source: Party
Save Value - Variable: 2; Property: Map Y (Feet)
Save Value - Source: Party
Save Value - Variable: 3; Property: Map Z (Feet)
Save Value - Source: Party
Save Value - Variable: 4; Property: All Members - Unique ID
Get Tile Information - Coordinates: (10.76, 0, 5)
Get Tile Information - Height at Layer Tile: 0
Get Tile Information - Tile Tag: 0
Wait - Duration (Milliseconds): 250ms; Block Input: False
Save Value - Source: Party
Save Value - Variable: 1; Property: Map X (Feet)
Save Value - Source: Party
Save Value - Variable: 2; Property: Map Y (Feet)
Save Value - Source: Party
Save Value - Variable: 3; Property: Map Z (Feet)
Save Value - Source: Party
Save Value - Variable: 4; Property: All Members - Unique ID
Get Tile Information - Coordinates: (11, 0, 5)
Get Tile Information - Height at Layer Tile: 0
Get Tile Information - Tile Tag: 0
Wait - Duration (Milliseconds): 250ms; Block Input: False
Save Value - Source: Party
Save Value - Variable: 1; Property: Map X (Feet)
Save Value - Source: Party
Save Value - Variable: 2; Property: Map Y (Feet)
Save Value - Source: Party
Save Value - Variable: 3; Property: Map Z (Feet)
Save Value - Source: Party
Save Value - Variable: 4; Property: All Members - Unique ID
Get Tile Information - Coordinates: (11, 0, 5)
Get Tile Information - Height at Layer Tile: 0
Get Tile Information - Tile Tag: 0
Wait - Duration (Milliseconds): 250ms; Block Input: False
Save Value - Source: Party
Save Value - Variable: 1; Property: Map X (Feet)
Save Value - Source: Party
Save Value - Variable: 2; Property: Map Y (Feet)
Save Value - Source: Party
Save Value - Variable: 3; Property: Map Z (Feet)
Save Value - Source: Party
Save Value - Variable: 4; Property: All Members - Unique ID
Get Tile Information - Coordinates: (11, 0, 4.85)
Get Tile Information - Height at Layer Tile: 0
Get Tile Information - Tile Tag: 0
Wait - Duration (Milliseconds): 250ms; Block Input: False
Save Value - Source: Party
Save Value - Variable: 1; Property: Map X (Feet)
Save Value - Source: Party
Save Value - Variable: 2; Property: Map Y (Feet)
Save Value - Source: Party
Save Value - Variable: 3; Property: Map Z (Feet)
Save Value - Source: Party
Save Value - Variable: 4; Property: All Members - Unique ID
Get Tile Information - Coordinates: (11, 0, 4.59)
Get Tile Information - Height at Layer Tile: 0
Get Tile Information - Tile Tag: 0
Wait - Duration (Milliseconds): 250ms; Block Input: False
Save Value - Source: Party
Save Value - Variable: 1; Property: Map X (Feet)
Save Value - Source: Party
Save Value - Variable: 2; Property: Map Y (Feet)
Save Value - Source: Party
Save Value - Variable: 3; Property: Map Z (Feet)
Save Value - Source: Party
Save Value - Variable: 4; Property: All Members - Unique ID
Get Tile Information - Coordinates: (11, 0, 4.33)
Get Tile Information - Height at Layer Tile: 0
Get Tile Information - Tile Tag: 0
Wait - Duration (Milliseconds): 250ms; Block Input: False
Save Value - Source: Party
Save Value - Variable: 1; Property: Map X (Feet)
Save Value - Source: Party
Save Value - Variable: 2; Property: Map Y (Feet)
Save Value - Source: Party
Save Value - Variable: 3; Property: Map Z (Feet)
Save Value - Source: Party
Save Value - Variable: 4; Property: All Members - Unique ID
Get Tile Information - Coordinates: (11, 0, 4.06)
Get Tile Information - Height at Layer Tile: 0
Get Tile Information - Tile Tag: 0
Wait - Duration (Milliseconds): 250ms; Block Input: False
Save Value - Source: Party
Save Value - Variable: 1; Property: Map X (Feet)
Save Value - Source: Party
Save Value - Variable: 2; Property: Map Y (Feet)
Save Value - Source: Party
Save Value - Variable: 3; Property: Map Z (Feet)
Save Value - Source: Party
Save Value - Variable: 4; Property: All Members - Unique ID
Get Tile Information - Coordinates: (11, 0, 4)
Get Tile Information - Height at Layer Tile: 0
Get Tile Information - Tile Tag: 0
Wait - Duration (Milliseconds): 250ms; Block Input: False
Save Value - Source: Party
Save Value - Variable: 1; Property: Map X (Feet)
Save Value - Source: Party
Save Value - Variable: 2; Property: Map Y (Feet)
Save Value - Source: Party
Save Value - Variable: 3; Property: Map Z (Feet)
Save Value - Source: Party
Save Value - Variable: 4; Property: All Members - Unique ID
Get Tile Information - Coordinates: (11, 0, 4)
Get Tile Information - Height at Layer Tile: 0
Get Tile Information - Tile Tag: 0
Wait - Duration (Milliseconds): 250ms; Block Input: False
Save Value - Source: Party
Save Value - Variable: 1; Property: Map X (Feet)
Save Value - Source: Party
Save Value - Variable: 2; Property: Map Y (Feet)
Save Value - Source: Party
Save Value - Variable: 3; Property: Map Z (Feet)
Save Value - Source: Party
Save Value - Variable: 4; Property: All Members - Unique ID
Get Tile Information - Coordinates: (11, 0, 4)
Get Tile Information - Height at Layer Tile: 0
Get Tile Information - Tile Tag: 0
Wait - Duration (Milliseconds): 250ms; Block Input: False
Save Value - Source: Party
Save Value - Variable: 1; Property: Map X (Feet)
Save Value - Source: Party
Save Value - Variable: 2; Property: Map Y (Feet)
Save Value - Source: Party
Save Value - Variable: 3; Property: Map Z (Feet)
Save Value - Source: Party
Save Value - Variable: 4; Property: All Members - Unique ID
Get Tile Information - Coordinates: (11, 0, 4)
Get Tile Information - Height at Layer Tile: 0
Get Tile Information - Tile Tag: 0
Wait - Duration (Milliseconds): 250ms; Block Input: False
Save Value - Source: Party
Save Value - Variable: 1; Property: Map X (Feet)
Save Value - Source: Party
Save Value - Variable: 2; Property: Map Y (Feet)
Save Value - Source: Party
Save Value - Variable: 3; Property: Map Z (Feet)
Save Value - Source: Party
Save Value - Variable: 4; Property: All Members - Unique ID
Get Tile Information - Coordinates: (11, 0, 4)
Get Tile Information - Height at Layer Tile: 0
Get Tile Information - Tile Tag: 0
Wait - Duration (Milliseconds): 250ms; Block Input: False
Save Value - Source: Party
Save Value - Variable: 1; Property: Map X (Feet)
Save Value - Source: Party
Save Value - Variable: 2; Property: Map Y (Feet)
Save Value - Source: Party
Save Value - Variable: 3; Property: Map Z (Feet)
Save Value - Source: Party
Save Value - Variable: 4; Property: All Members - Unique ID
Get Tile Information - Coordinates: (11, 0, 4)
Get Tile Information - Height at Layer Tile: 0
Get Tile Information - Tile Tag: 0
Wait - Duration (Milliseconds): 250ms; Block Input: False
Save Value - Source: Party
Save Value - Variable: 1; Property: Map X (Feet)
Save Value - Source: Party
Save Value - Variable: 2; Property: Map Y (Feet)
Save Value - Source: Party
Save Value - Variable: 3; Property: Map Z (Feet)
Save Value - Source: Party
Save Value - Variable: 4; Property: All Members - Unique ID
Get Tile Information - Coordinates: (10.89, 0, 4)
Get Tile Information - Height at Layer Tile: 0
Get Tile Information - Tile Tag: 0
Wait - Duration (Milliseconds): 250ms; Block Input: False
Save Value - Source: Party
Save Value - Variable: 1; Property: Map X (Feet)
Save Value - Source: Party
Save Value - Variable: 2; Property: Map Y (Feet)
Save Value - Source: Party
Save Value - Variable: 3; Property: Map Z (Feet)
Save Value - Source: Party
Save Value - Variable: 4; Property: All Members - Unique ID
Get Tile Information - Coordinates: (10.63, 0, 4)
Get Tile Information - Height at Layer Tile: 0
Get Tile Information - Tile Tag: 0
Wait - Duration (Milliseconds): 250ms; Block Input: False
Save Value - Source: Party
Save Value - Variable: 1; Property: Map X (Feet)
Save Value - Source: Party
Save Value - Variable: 2; Property: Map Y (Feet)
Save Value - Source: Party
Save Value - Variable: 3; Property: Map Z (Feet)
Save Value - Source: Party
Save Value - Variable: 4; Property: All Members - Unique ID
Get Tile Information - Coordinates: (10.37, 0, 4)
Get Tile Information - Height at Layer Tile: 0
Get Tile Information - Tile Tag: 0
Wait - Duration (Milliseconds): 250ms; Block Input: False
Save Value - Source: Party
Save Value - Variable: 1; Property: Map X (Feet)
Save Value - Source: Party
Save Value - Variable: 2; Property: Map Y (Feet)
Save Value - Source: Party
Save Value - Variable: 3; Property: Map Z (Feet)
Save Value - Source: Party
Save Value - Variable: 4; Property: All Members - Unique ID
Get Tile Information - Coordinates: (10.11, 0, 4)
Get Tile Information - Height at Layer Tile: 0
Get Tile Information - Tile Tag: 0
Wait - Duration (Milliseconds): 250ms; Block Input: False
Save Value - Source: Party
Save Value - Variable: 1; Property: Map X (Feet)
Save Value - Source: Party
Save Value - Variable: 2; Property: Map Y (Feet)
Save Value - Source: Party
Save Value - Variable: 3; Property: Map Z (Feet)
Save Value - Source: Party
Save Value - Variable: 4; Property: All Members - Unique ID
Get Tile Information - Coordinates: (10, 0, 4)
Get Tile Information - Height at Layer Tile: 0
Get Tile Information - Tile Tag: 0
Wait - Duration (Milliseconds): 250ms; Block Input: False
Save Value - Source: Party
Save Value - Variable: 1; Property: Map X (Feet)
Save Value - Source: Party
Save Value - Variable: 2; Property: Map Y (Feet)
Save Value - Source: Party
Save Value - Variable: 3; Property: Map Z (Feet)
Save Value - Source: Party
Save Value - Variable: 4; Property: All Members - Unique ID
Get Tile Information - Coordinates: (9.93, 0, 4)
Get Tile Information - Height at Layer Tile: 0
Get Tile Information - Tile Tag: 0
Wait - Duration (Milliseconds): 250ms; Block Input: False
Save Value - Source: Party
Save Value - Variable: 1; Property: Map X (Feet)
Save Value - Source: Party
Save Value - Variable: 2; Property: Map Y (Feet)
Save Value - Source: Party
Save Value - Variable: 3; Property: Map Z (Feet)
Save Value - Source: Party
Save Value - Variable: 4; Property: All Members - Unique ID
Get Tile Information - Coordinates: (9.67, 0, 4)
Get Tile Information - Height at Layer Tile: 0
Get Tile Information - Tile Tag: 0
Wait - Duration (Milliseconds): 250ms; Block Input: False
Save Value - Source: Party
Save Value - Variable: 1; Property: Map X (Feet)
Save Value - Source: Party
Save Value - Variable: 2; Property: Map Y (Feet)
Save Value - Source: Party
Save Value - Variable: 3; Property: Map Z (Feet)
Save Value - Source: Party
Save Value - Variable: 4; Property: All Members - Unique ID
Get Tile Information - Coordinates: (9.41, 0, 4)
Get Tile Information - Height at Layer Tile: 0
Get Tile Information - Tile Tag: 0
Wait - Duration (Milliseconds): 250ms; Block Input: False
Save Value - Source: Party
Save Value - Variable: 1; Property: Map X (Feet)
Save Value - Source: Party
Save Value - Variable: 2; Property: Map Y (Feet)
Save Value - Source: Party
Save Value - Variable: 3; Property: Map Z (Feet)
Save Value - Source: Party
Save Value - Variable: 4; Property: All Members - Unique ID
Get Tile Information - Coordinates: (9.15, 0, 4)
Get Tile Information - Height at Layer Tile: 0
Get Tile Information - Tile Tag: 0
Wait - Duration (Milliseconds): 250ms; Block Input: False
Save Value - Source: Party
Save Value - Variable: 1; Property: Map X (Feet)
Save Value - Source: Party
Save Value - Variable: 2; Property: Map Y (Feet)
Save Value - Source: Party
Save Value - Variable: 3; Property: Map Z (Feet)
Save Value - Source: Party
Save Value - Variable: 4; Property: All Members - Unique ID
Get Tile Information - Coordinates: (9, 0, 4)
Get Tile Information - Height at Layer Tile: 0
Get Tile Information - Tile Tag: 0
Wait - Duration (Milliseconds): 250ms; Block Input: False
Save Value - Source: Party
Save Value - Variable: 1; Property: Map X (Feet)
Save Value - Source: Party
Save Value - Variable: 2; Property: Map Y (Feet)
Save Value - Source: Party
Save Value - Variable: 3; Property: Map Z (Feet)
Save Value - Source: Party
Save Value - Variable: 4; Property: All Members - Unique ID
Get Tile Information - Coordinates: (9, 0, 4)
Get Tile Information - Height at Layer Tile: 0
Get Tile Information - Tile Tag: 0
Wait - Duration (Milliseconds): 250ms; Block Input: False
Save Value - Source: Party
Save Value - Variable: 1; Property: Map X (Feet)
Save Value - Source: Party
Save Value - Variable: 2; Property: Map Y (Feet)
Save Value - Source: Party
Save Value - Variable: 3; Property: Map Z (Feet)
Save Value - Source: Party
Save Value - Variable: 4; Property: All Members - Unique ID
Get Tile Information - Coordinates: (9, 0, 4)
Get Tile Information - Height at Layer Tile: 0
Get Tile Information - Tile Tag: 0
Wait - Duration (Milliseconds): 250ms; Block Input: False
Save Value - Source: Party
Save Value - Variable: 1; Property: Map X (Feet)
Save Value - Source: Party
Save Value - Variable: 2; Property: Map Y (Feet)
Save Value - Source: Party
Save Value - Variable: 3; Property: Map Z (Feet)
Save Value - Source: Party
Save Value - Variable: 4; Property: All Members - Unique ID
Get Tile Information - Coordinates: (9, 0, 4)
Get Tile Information - Height at Layer Tile: 0
Get Tile Information - Tile Tag: 0
Wait - Duration (Milliseconds): 250ms; Block Input: False
Save Value - Source: Party
Save Value - Variable: 1; Property: Map X (Feet)
Save Value - Source: Party
Save Value - Variable: 2; Property: Map Y (Feet)
Save Value - Source: Party
Save Value - Variable: 3; Property: Map Z (Feet)
Save Value - Source: Party
Save Value - Variable: 4; Property: All Members - Unique ID
Get Tile Information - Coordinates: (9, 0, 4)
Get Tile Information - Height at Layer Tile: 0
Get Tile Information - Tile Tag: 0
Wait - Duration (Milliseconds): 250ms; Block Input: False
Save Value - Source: Party
Save Value - Variable: 1; Property: Map X (Feet)
Save Value - Source: Party
Save Value - Variable: 2; Property: Map Y (Feet)
Save Value - Source: Party
Save Value - Variable: 3; Property: Map Z (Feet)
Save Value - Source: Party
Save Value - Variable: 4; Property: All Members - Unique ID
Get Tile Information - Coordinates: (9.21, 0, 4)
Get Tile Information - Height at Layer Tile: 0
Get Tile Information - Tile Tag: 0
Wait - Duration (Milliseconds): 250ms; Block Input: False
Save Value - Source: Party
Save Value - Variable: 1; Property: Map X (Feet)
Save Value - Source: Party
Save Value - Variable: 2; Property: Map Y (Feet)
Save Value - Source: Party
Save Value - Variable: 3; Property: Map Z (Feet)
Save Value - Source: Party
Save Value - Variable: 4; Property: All Members - Unique ID
Get Tile Information - Coordinates: (9.47, 0, 4)
Get Tile Information - Height at Layer Tile: 0
Get Tile Information - Tile Tag: 0
Wait - Duration (Milliseconds): 250ms; Block Input: False
Save Value - Source: Party
Save Value - Variable: 1; Property: Map X (Feet)
Save Value - Source: Party
Save Value - Variable: 2; Property: Map Y (Feet)
Save Value - Source: Party
Save Value - Variable: 3; Property: Map Z (Feet)
Save Value - Source: Party
Save Value - Variable: 4; Property: All Members - Unique ID
Get Tile Information - Coordinates: (9.74, 0, 4)
Get Tile Information - Height at Layer Tile: 0
Get Tile Information - Tile Tag: 0
Wait - Duration (Milliseconds): 250ms; Block Input: False
Save Value - Source: Party
Save Value - Variable: 1; Property: Map X (Feet)
Save Value - Source: Party
Save Value - Variable: 2; Property: Map Y (Feet)
Save Value - Source: Party
Save Value - Variable: 3; Property: Map Z (Feet)
Save Value - Source: Party
Save Value - Variable: 4; Property: All Members - Unique ID
Get Tile Information - Coordinates: (10, 0, 4)
Get Tile Information - Height at Layer Tile: 0
Get Tile Information - Tile Tag: 0
Wait - Duration (Milliseconds): 250ms; Block Input: False
Save Value - Source: Party
Save Value - Variable: 1; Property: Map X (Feet)
Save Value - Source: Party
Save Value - Variable: 2; Property: Map Y (Feet)
Save Value - Source: Party
Save Value - Variable: 3; Property: Map Z (Feet)
Save Value - Source: Party
Save Value - Variable: 4; Property: All Members - Unique ID
Get Tile Information - Coordinates: (10, 0, 4)
Get Tile Information - Height at Layer Tile: 0
Get Tile Information - Tile Tag: 0
Wait - Duration (Milliseconds): 250ms; Block Input: False
Save Value - Source: Party
Save Value - Variable: 1; Property: Map X (Feet)
Save Value - Source: Party
Save Value - Variable: 2; Property: Map Y (Feet)
Save Value - Source: Party
Save Value - Variable: 3; Property: Map Z (Feet)
Save Value - Source: Party
Save Value - Variable: 4; Property: All Members - Unique ID
Get Tile Information - Coordinates: (10, 0, 4)
Get Tile Information - Height at Layer Tile: 0
Get Tile Information - Tile Tag: 0
Wait - Duration (Milliseconds): 250ms; Block Input: False
Save Value - Source: Party
Save Value - Variable: 1; Property: Map X (Feet)
Save Value - Source: Party
Save Value - Variable: 2; Property: Map Y (Feet)
Save Value - Source: Party
Save Value - Variable: 3; Property: Map Z (Feet)
Save Value - Source: Party
Save Value - Variable: 4; Property: All Members - Unique ID
Get Tile Information - Coordinates: (10, 0, 4)
Get Tile Information - Height at Layer Tile: 0
Get Tile Information - Tile Tag: 0
Wait - Duration (Milliseconds): 250ms; Block Input: False
Save Value - Source: Party
Save Value - Variable: 1; Property: Map X (Feet)
Save Value - Source: Party
Save Value - Variable: 2; Property: Map Y (Feet)
Save Value - Source: Party
Save Value - Variable: 3; Property: Map Z (Feet)
Save Value - Source: Party
Save Value - Variable: 4; Property: All Members - Unique ID
Get Tile Information - Coordinates: (10, 0, 4)
Get Tile Information - Height at Layer Tile: 0
Get Tile Information - Tile Tag: 0
Wait - Duration (Milliseconds): 250ms; Block Input: False
Save Value - Source: Party
Save Value - Variable: 1; Property: Map X (Feet)
Save Value - Source: Party
Save Value - Variable: 2; Property: Map Y (Feet)
Save Value - Source: Party
Save Value - Variable: 3; Property: Map Z (Feet)
Save Value - Source: Party
Save Value - Variable: 4; Property: All Members - Unique ID
Get Tile Information - Coordinates: (10, 0, 4)
Get Tile Information - Height at Layer Tile: 0
Get Tile Information - Tile Tag: 0
Wait - Duration (Milliseconds): 250ms; Block Input: False
Save Value - Source: Party
Save Value - Variable: 1; Property: Map X (Feet)
Save Value - Source: Party
Save Value - Variable: 2; Property: Map Y (Feet)
Save Value - Source: Party
Save Value - Variable: 3; Property: Map Z (Feet)
Save Value - Source: Party
Save Value - Variable: 4; Property: All Members - Unique ID
Get Tile Information - Coordinates: (10, 0, 4)
Get Tile Information - Height at Layer Tile: 0
Get Tile Information - Tile Tag: 0
Wait - Duration (Milliseconds): 250ms; Block Input: False
Save Value - Source: Party
Save Value - Variable: 1; Property: Map X (Feet)
Save Value - Source: Party
Save Value - Variable: 2; Property: Map Y (Feet)
Save Value - Source: Party
Save Value - Variable: 3; Property: Map Z (Feet)
Save Value - Source: Party
Save Value - Variable: 4; Property: All Members - Unique ID
Get Tile Information - Coordinates: (10, 0, 4)
Get Tile Information - Height at Layer Tile: 0
Get Tile Information - Tile Tag: 0
Wait - Duration (Milliseconds): 250ms; Block Input: False
Save Value - Source: Party
Save Value - Variable: 1; Property: Map X (Feet)
Save Value - Source: Party
Save Value - Variable: 2; Property: Map Y (Feet)
Save Value - Source: Party
Save Value - Variable: 3; Property: Map Z (Feet)
Save Value - Source: Party
Save Value - Variable: 4; Property: All Members - Unique ID
Get Tile Information - Coordinates: (10, 0, 4)
Get Tile Information - Height at Layer Tile: 0
Get Tile Information - Tile Tag: 0
Wait - Duration (Milliseconds): 250ms; Block Input: False
Save Value - Source: Party
Save Value - Variable: 1; Property: Map X (Feet)
Save Value - Source: Party
Save Value - Variable: 2; Property: Map Y (Feet)
Save Value - Source: Party
Save Value - Variable: 3; Property: Map Z (Feet)
Save Value - Source: Party
Save Value - Variable: 4; Property: All Members - Unique ID
Get Tile Information - Coordinates: (9.9, 0, 4)
Get Tile Information - Height at Layer Tile: 0
Get Tile Information - Tile Tag: 0
Wait - Duration (Milliseconds): 250ms; Block Input: False
Save Value - Source: Party
Save Value - Variable: 1; Property: Map X (Feet)
Save Value - Source: Party
Save Value - Variable: 2; Property: Map Y (Feet)
Save Value - Source: Party
Save Value - Variable: 3; Property: Map Z (Feet)
Save Value - Source: Party
Save Value - Variable: 4; Property: All Members - Unique ID
Get Tile Information - Coordinates: (9.64, 0, 4)
Get Tile Information - Height at Layer Tile: 0
Get Tile Information - Tile Tag: 0
Wait - Duration (Milliseconds): 250ms; Block Input: False
Save Value - Source: Party
Save Value - Variable: 1; Property: Map X (Feet)
Save Value - Source: Party
Save Value - Variable: 2; Property: Map Y (Feet)
Save Value - Source: Party
Save Value - Variable: 3; Property: Map Z (Feet)
Save Value - Source: Party
Save Value - Variable: 4; Property: All Members - Unique ID
Get Tile Information - Coordinates: (9.38, 0, 4)
Get Tile Information - Height at Layer Tile: 0
Get Tile Information - Tile Tag: 0
Wait - Duration (Milliseconds): 250ms; Block Input: False
Save Value - Source: Party
Save Value - Variable: 1; Property: Map X (Feet)
Save Value - Source: Party
Save Value - Variable: 2; Property: Map Y (Feet)
Save Value - Source: Party
Save Value - Variable: 3; Property: Map Z (Feet)
Save Value - Source: Party
Save Value - Variable: 4; Property: All Members - Unique ID
Get Tile Information - Coordinates: (9.12, 0, 4)
Get Tile Information - Height at Layer Tile: 0
Get Tile Information - Tile Tag: 0
Wait - Duration (Milliseconds): 250ms; Block Input: False
Save Value - Source: Party
Save Value - Variable: 1; Property: Map X (Feet)
Save Value - Source: Party
Save Value - Variable: 2; Property: Map Y (Feet)
Save Value - Source: Party
Save Value - Variable: 3; Property: Map Z (Feet)
Save Value - Source: Party
Save Value - Variable: 4; Property: All Members - Unique ID
Get Tile Information - Coordinates: (9, 0, 4.15)
Get Tile Information - Height at Layer Tile: 0
Get Tile Information - Tile Tag: 0
Wait - Duration (Milliseconds): 250ms; Block Input: False
Save Value - Source: Party
Save Value - Variable: 1; Property: Map X (Feet)
Save Value - Source: Party
Save Value - Variable: 2; Property: Map Y (Feet)
Save Value - Source: Party
Save Value - Variable: 3; Property: Map Z (Feet)
Save Value - Source: Party
Save Value - Variable: 4; Property: All Members - Unique ID
Get Tile Information - Coordinates: (9, 0, 4.41)
Get Tile Information - Height at Layer Tile: 0
Get Tile Information - Tile Tag: 0
Wait - Duration (Milliseconds): 250ms; Block Input: False
Save Value - Source: Party
Save Value - Variable: 1; Property: Map X (Feet)
Save Value - Source: Party
Save Value - Variable: 2; Property: Map Y (Feet)
Save Value - Source: Party
Save Value - Variable: 3; Property: Map Z (Feet)
Save Value - Source: Party
Save Value - Variable: 4; Property: All Members - Unique ID
Get Tile Information - Coordinates: (9, 0, 4.67)
Get Tile Information - Height at Layer Tile: 0
Get Tile Information - Tile Tag: 0
Wait - Duration (Milliseconds): 250ms; Block Input: False
Save Value - Source: Party
Save Value - Variable: 1; Property: Map X (Feet)
Save Value - Source: Party
Save Value - Variable: 2; Property: Map Y (Feet)
Save Value - Source: Party
Save Value - Variable: 3; Property: Map Z (Feet)
Save Value - Source: Party
Save Value - Variable: 4; Property: All Members - Unique ID
Get Tile Information - Coordinates: (9, 0, 4.93)
Get Tile Information - Height at Layer Tile: 0
Get Tile Information - Tile Tag: 0
Wait - Duration (Milliseconds): 250ms; Block Input: False
Save Value - Source: Party
Save Value - Variable: 1; Property: Map X (Feet)
Save Value - Source: Party
Save Value - Variable: 2; Property: Map Y (Feet)
Save Value - Source: Party
Save Value - Variable: 3; Property: Map Z (Feet)
Save Value - Source: Party
Save Value - Variable: 4; Property: All Members - Unique ID
Get Tile Information - Coordinates: (9, 0, 5)
Get Tile Information - Height at Layer Tile: 0
Get Tile Information - Tile Tag: 0
Wait - Duration (Milliseconds): 250ms; Block Input: False
Save Value - Source: Party
Save Value - Variable: 1; Property: Map X (Feet)
Save Value - Source: Party
Save Value - Variable: 2; Property: Map Y (Feet)
Save Value - Source: Party
Save Value - Variable: 3; Property: Map Z (Feet)
Save Value - Source: Party
Save Value - Variable: 4; Property: All Members - Unique ID
Get Tile Information - Coordinates: (9, 0, 5)
Get Tile Information - Height at Layer Tile: 0
Get Tile Information - Tile Tag: 0
Wait - Duration (Milliseconds): 250ms; Block Input: False
Save Value - Source: Party
Save Value - Variable: 1; Property: Map X (Feet)
Save Value - Source: Party
Save Value - Variable: 2; Property: Map Y (Feet)
Save Value - Source: Party
Save Value - Variable: 3; Property: Map Z (Feet)
Save Value - Source: Party
Save Value - Variable: 4; Property: All Members - Unique ID
Get Tile Information - Coordinates: (9, 0, 5)
Get Tile Information - Height at Layer Tile: 0
Get Tile Information - Tile Tag: 0
Wait - Duration (Milliseconds): 250ms; Block Input: False
Save Value - Source: Party
Save Value - Variable: 1; Property: Map X (Feet)
Save Value - Source: Party
Save Value - Variable: 2; Property: Map Y (Feet)
Save Value - Source: Party
Save Value - Variable: 3; Property: Map Z (Feet)
Save Value - Source: Party
Save Value - Variable: 4; Property: All Members - Unique ID
Get Tile Information - Coordinates: (9, 0, 5)
Get Tile Information - Height at Layer Tile: 0
Get Tile Information - Tile Tag: 0
Wait - Duration (Milliseconds): 250ms; Block Input: False
Save Value - Source: Party
Save Value - Variable: 1; Property: Map X (Feet)
Save Value - Source: Party
Save Value - Variable: 2; Property: Map Y (Feet)
Save Value - Source: Party
Save Value - Variable: 3; Property: Map Z (Feet)
Save Value - Source: Party
Save Value - Variable: 4; Property: All Members - Unique ID
Get Tile Information - Coordinates: (9, 0, 5)
Get Tile Information - Height at Layer Tile: 0
Get Tile Information - Tile Tag: 0
Wait - Duration (Milliseconds): 250ms; Block Input: False
Save Value - Source: Party
Save Value - Variable: 1; Property: Map X (Feet)
Save Value - Source: Party
Save Value - Variable: 2; Property: Map Y (Feet)
Save Value - Source: Party
Save Value - Variable: 3; Property: Map Z (Feet)
Save Value - Source: Party
Save Value - Variable: 4; Property: All Members - Unique ID
Get Tile Information - Coordinates: (9, 0, 5)
Get Tile Information - Height at Layer Tile: 0
Get Tile Information - Tile Tag: 0
Wait - Duration (Milliseconds): 250ms; Block Input: False
Save Value - Source: Party
Save Value - Variable: 1; Property: Map X (Feet)
Save Value - Source: Party
Save Value - Variable: 2; Property: Map Y (Feet)
Save Value - Source: Party
Save Value - Variable: 3; Property: Map Z (Feet)
Save Value - Source: Party
Save Value - Variable: 4; Property: All Members - Unique ID
Get Tile Information - Coordinates: (9, 0, 5)
Get Tile Information - Height at Layer Tile: 0
Get Tile Information - Tile Tag: 0
Wait - Duration (Milliseconds): 250ms; Block Input: False
Save Value - Source: Party
Save Value - Variable: 1; Property: Map X (Feet)
Save Value - Source: Party
Save Value - Variable: 2; Property: Map Y (Feet)
Save Value - Source: Party
Save Value - Variable: 3; Property: Map Z (Feet)
Save Value - Source: Party
Save Value - Variable: 4; Property: All Members - Unique ID
Get Tile Information - Coordinates: (9, 0, 5)
Get Tile Information - Height at Layer Tile: 0
Get Tile Information - Tile Tag: 0
Wait - Duration (Milliseconds): 250ms; Block Input: False
Save Value - Source: Party
Save Value - Variable: 1; Property: Map X (Feet)
Save Value - Source: Party
Save Value - Variable: 2; Property: Map Y (Feet)
Save Value - Source: Party
Save Value - Variable: 3; Property: Map Z (Feet)
Save Value - Source: Party
Save Value - Variable: 4; Property: All Members - Unique ID
Get Tile Information - Coordinates: (9, 0, 5)
Get Tile Information - Height at Layer Tile: 0
Get Tile Information - Tile Tag: 0
Wait - Duration (Milliseconds): 250ms; Block Input: False
Save Value - Source: Party
Save Value - Variable: 1; Property: Map X (Feet)
Save Value - Source: Party
Save Value - Variable: 2; Property: Map Y (Feet)
Save Value - Source: Party
Save Value - Variable: 3; Property: Map Z (Feet)
Save Value - Source: Party
Save Value - Variable: 4; Property: All Members - Unique ID
Get Tile Information - Coordinates: (9, 0, 5)
Get Tile Information - Height at Layer Tile: 0
Get Tile Information - Tile Tag: 0
Wait - Duration (Milliseconds): 250ms; Block Input: False
Save Value - Source: Party
Save Value - Variable: 1; Property: Map X (Feet)
Save Value - Source: Party
Save Value - Variable: 2; Property: Map Y (Feet)
Save Value - Source: Party
Save Value - Variable: 3; Property: Map Z (Feet)
Save Value - Source: Party
Save Value - Variable: 4; Property: All Members - Unique ID
Get Tile Information - Coordinates: (9, 0, 5)
Get Tile Information - Height at Layer Tile: 0
Get Tile Information - Tile Tag: 0
Wait - Duration (Milliseconds): 250ms; Block Input: False
Save Value - Source: Party
Save Value - Variable: 1; Property: Map X (Feet)
Save Value - Source: Party
Save Value - Variable: 2; Property: Map Y (Feet)
Save Value - Source: Party
Save Value - Variable: 3; Property: Map Z (Feet)
Save Value - Source: Party
Save Value - Variable: 4; Property: All Members - Unique ID
Get Tile Information - Coordinates: (9, 0, 5)
Get Tile Information - Height at Layer Tile: 0
Get Tile Information - Tile Tag: 0
Wait - Duration (Milliseconds): 250ms; Block Input: False
Save Value - Source: Party
Save Value - Variable: 1; Property: Map X (Feet)
Save Value - Source: Party
Save Value - Variable: 2; Property: Map Y (Feet)
Save Value - Source: Party
Save Value - Variable: 3; Property: Map Z (Feet)
Save Value - Source: Party
Save Value - Variable: 4; Property: All Members - Unique ID
Get Tile Information - Coordinates: (9, 0, 5)
Get Tile Information - Height at Layer Tile: 0
Get Tile Information - Tile Tag: 0
Wait - Duration (Milliseconds): 250ms; Block Input: False
Save Value - Source: Party
Save Value - Variable: 1; Property: Map X (Feet)
Save Value - Source: Party
Save Value - Variable: 2; Property: Map Y (Feet)
Save Value - Source: Party
Save Value - Variable: 3; Property: Map Z (Feet)
Save Value - Source: Party
Save Value - Variable: 4; Property: All Members - Unique ID
Get Tile Information - Coordinates: (9, 0, 5)
Get Tile Information - Height at Layer Tile: 0
Get Tile Information - Tile Tag: 0
Wait - Duration (Milliseconds): 250ms; Block Input: False
Save Value - Source: Party
Save Value - Variable: 1; Property: Map X (Feet)
Save Value - Source: Party
Save Value - Variable: 2; Property: Map Y (Feet)
Save Value - Source: Party
Save Value - Variable: 3; Property: Map Z (Feet)
Save Value - Source: Party
Save Value - Variable: 4; Property: All Members - Unique ID
Get Tile Information - Coordinates: (9, 0, 5)
Get Tile Information - Height at Layer Tile: 0
Get Tile Information - Tile Tag: 0
Wait - Duration (Milliseconds): 250ms; Block Input: False
Save Value - Source: Party
Save Value - Variable: 1; Property: Map X (Feet)
Save Value - Source: Party
Save Value - Variable: 2; Property: Map Y (Feet)
Save Value - Source: Party
Save Value - Variable: 3; Property: Map Z (Feet)
Save Value - Source: Party
Save Value - Variable: 4; Property: All Members - Unique ID
Get Tile Information - Coordinates: (9, 0, 5)
Get Tile Information - Height at Layer Tile: 0
Get Tile Information - Tile Tag: 0
Wait - Duration (Milliseconds): 250ms; Block Input: False
Save Value - Source: Party
Save Value - Variable: 1; Property: Map X (Feet)
Save Value - Source: Party
Save Value - Variable: 2; Property: Map Y (Feet)
Save Value - Source: Party
Save Value - Variable: 3; Property: Map Z (Feet)
Save Value - Source: Party
Save Value - Variable: 4; Property: All Members - Unique ID
Get Tile Information - Coordinates: (9, 0, 5)
Get Tile Information - Height at Layer Tile: 0
Get Tile Information - Tile Tag: 0
Wait - Duration (Milliseconds): 250ms; Block Input: False
